# JRE version: OpenJDK Runtime Environment (21.0.10+7) (build 21.0.10+7-Ubuntu-124.04)
# Java VM: OpenJDK 64-Bit Server VM (21.0.10+7-Ubuntu-124.04, mixed mode, sharing, tiered, compressed oops, compressed class ptrs, g1 gc, linux-amd64)
GC Precious Log:
 CardTable entry size: 512
 Card Set container configuration: InlinePtr #cards 4 size 8 Array Of Cards #cards 16 size 48 Howl #buckets 8 coarsen threshold 3686 Howl Bitmap #cards 512 size 80 coarsen threshold 460 Card regions per heap region 1 cards per card region 4096
 CPUs: 4 total, 4 available
 Memory: 9858M
 Large Page Support: Disabled
 NUMA Support: Disabled
 Compressed Oops: Enabled (Zero based)
 Heap Region Size: 2M
 Heap Min Capacity: 8M
 Heap Initial Capacity: 156M
 Heap Max Capacity: 2466M
 Pre-touch: Disabled
 Parallel Workers: 4
 Concurrent Workers: 1
 Concurrent Refinement Workers: 4
 Periodic GC: Disabled
Heap:
 garbage-first heap   total 118784K, used 47914K [0x0000000765e00000, 0x0000000800000000)
  region size 2048K, 13 young (26624K), 3 survivors (6144K)
 Metaspace       used 43034K, committed 43520K, reserved 1114112K
  class space    used 4665K, committed 4928K, reserved 1048576K
GC Heap History (20 events):
Event: 0.691 GC heap after
{Heap after GC invocations=2 (full 0):
 garbage-first heap   total 161792K, used 4372K [0x0000000765e00000, 0x0000000800000000)
  region size 2048K, 1 young (2048K), 1 survivors (2048K)
 Metaspace       used 5850K, committed 6016K, reserved 1114112K
  class space    used 686K, committed 768K, reserved 1048576K
}
Event: 1.560 GC heap before
{Heap before GC invocations=2 (full 0):
 garbage-first heap   total 161792K, used 45332K [0x0000000765e00000, 0x0000000800000000)
  region size 2048K, 22 young (45056K), 1 survivors (2048K)
 Metaspace       used 13324K, committed 13568K, reserved 1114112K
  class space    used 1619K, committed 1728K, reserved 1048576K
}
Event: 1.566 GC heap after
{Heap after GC invocations=3 (full 0):
 garbage-first heap   total 161792K, used 7780K [0x0000000765e00000, 0x0000000800000000)
  region size 2048K, 2 young (4096K), 2 survivors (4096K)
 Metaspace       used 13324K, committed 13568K, reserved 1114112K
  class space    used 1619K, committed 1728K, reserved 1048576K
}
Event: 2.409 GC heap before
{Heap before GC invocations=3 (full 0):
 garbage-first heap   total 161792K, used 46692K [0x0000000765e00000, 0x0000000800000000)
  region size 2048K, 23 young (47104K), 2 survivors (4096K)
 Metaspace       used 21299K, committed 21504K, reserved 1114112K
  class space    used 2544K, committed 2624K, reserved 1048576K
}
Event: 2.421 GC heap after
{Heap after GC invocations=4 (full 0):
 garbage-first heap   total 161792K, used 14737K [0x0000000765e00000, 0x0000000800000000)
  region size 2048K, 6 young (12288K), 6 survivors (12288K)
 Metaspace       used 21299K, committed 21504K, reserved 1114112K
  class space    used 2544K, committed 2624K, reserved 1048576K
}
Event: 3.630 GC heap before
{Heap before GC invocations=5 (full 0):
 garbage-first heap   total 61440K, used 39313K [0x0000000765e00000, 0x0000000800000000)
  region size 2048K, 18 young (36864K), 6 survivors (12288K)
 Metaspace       used 24080K, committed 24384K, reserved 1114112K
  class space    used 2862K, committed 3008K, reserved 1048576K
}
Event: 3.653 GC heap after
{Heap after GC invocations=6 (full 0):
 garbage-first heap   total 61440K, used 18247K [0x0000000765e00000, 0x0000000800000000)
  region size 2048K, 2 young (4096K), 2 survivors (4096K)
 Metaspace       used 24080K, committed 24384K, reserved 1114112K
  class space    used 2862K, committed 3008K, reserved 1048576K
}
Event: 4.068 GC heap before
{Heap before GC invocations=6 (full 0):
 garbage-first heap   total 61440K, used 44871K [0x0000000765e00000, 0x0000000800000000)
  region size 2048K, 15 young (30720K), 2 survivors (4096K)
 Metaspace       used 24508K, committed 24832K, reserved 1114112K
  class space    used 2881K, committed 3008K, reserved 1048576K
}
Event: 4.077 GC heap after
{Heap after GC invocations=7 (full 0):
 garbage-first heap   total 61440K, used 18304K [0x0000000765e00000, 0x0000000800000000)
  region size 2048K, 1 young (2048K), 1 survivors (2048K)
 Metaspace       used 24508K, committed 24832K, reserved 1114112K
  class space    used 2881K, committed 3008K, reserved 1048576K
}
Event: 4.683 GC heap before
{Heap before GC invocations=7 (full 0):
 garbage-first heap   total 61440K, used 42880K [0x0000000765e00000, 0x0000000800000000)
  region size 2048K, 10 young (20480K), 1 survivors (2048K)
 Metaspace       used 25786K, committed 26112K, reserved 1114112K
  class space    used 2995K, committed 3136K, reserved 1048576K
}
Event: 4.687 GC heap after
{Heap after GC invocations=8 (full 0):
 garbage-first heap   total 61440K, used 27369K [0x0000000765e00000, 0x0000000800000000)
  region size 2048K, 2 young (4096K), 2 survivors (4096K)
 Metaspace       used 25786K, committed 26112K, reserved 1114112K
  class space    used 2995K, committed 3136K, reserved 1048576K
}
Event: 4.693 GC heap before
{Heap before GC invocations=8 (full 0):
 garbage-first heap   total 69632K, used 39657K [0x0000000765e00000, 0x0000000800000000)
  region size 2048K, 3 young (6144K), 2 survivors (4096K)
 Metaspace       used 25786K, committed 26112K, reserved 1114112K
  class space    used 2995K, committed 3136K, reserved 1048576K
}
Event: 4.698 GC heap after
{Heap after GC invocations=9 (full 0):
 garbage-first heap   total 69632K, used 39676K [0x0000000765e00000, 0x0000000800000000)
  region size 2048K, 2 young (4096K), 2 survivors (4096K)
 Metaspace       used 25786K, committed 26112K, reserved 1114112K
  class space    used 2995K, committed 3136K, reserved 1048576K
}
Event: 5.214 GC heap before
{Heap before GC invocations=10 (full 0):
 garbage-first heap   total 92160K, used 72444K [0x0000000765e00000, 0x0000000800000000)
  region size 2048K, 12 young (24576K), 2 survivors (4096K)
 Metaspace       used 26812K, committed 27136K, reserved 1114112K
  class space    used 3070K, committed 3200K, reserved 1048576K
}
Event: 5.220 GC heap after
{Heap after GC invocations=11 (full 0):
 garbage-first heap   total 92160K, used 19998K [0x0000000765e00000, 0x0000000800000000)
  region size 2048K, 2 young (4096K), 2 survivors (4096K)
 Metaspace       used 26812K, committed 27136K, reserved 1114112K
  class space    used 3070K, committed 3200K, reserved 1048576K
}
Event: 18.314 GC heap before
{Heap before GC invocations=11 (full 0):
 garbage-first heap   total 92160K, used 85534K [0x0000000765e00000, 0x0000000800000000)
  region size 2048K, 27 young (55296K), 2 survivors (4096K)
 Metaspace       used 30260K, committed 30656K, reserved 1114112K
  class space    used 3297K, committed 3456K, reserved 1048576K
}
Event: 18.322 GC heap after
{Heap after GC invocations=12 (full 0):
 garbage-first heap   total 118784K, used 26610K [0x0000000765e00000, 0x0000000800000000)
  region size 2048K, 3 young (6144K), 3 survivors (6144K)
 Metaspace       used 30260K, committed 30656K, reserved 1114112K
  class space    used 3297K, committed 3456K, reserved 1048576K
}
Event: 24.532 GC heap before
{Heap before GC invocations=12 (full 0):
 garbage-first heap   total 118784K, used 88050K [0x0000000765e00000, 0x0000000800000000)
  region size 2048K, 34 young (69632K), 3 survivors (6144K)
 Metaspace       used 40652K, committed 41216K, reserved 1114112K
  class space    used 4528K, committed 4800K, reserved 1048576K
}
Event: 24.540 GC heap after
{Heap after GC invocations=13 (full 0):
 garbage-first heap   total 118784K, used 28458K [0x0000000765e00000, 0x0000000800000000)
  region size 2048K, 4 young (8192K), 4 survivors (8192K)
 Metaspace       used 40652K, committed 41216K, reserved 1114112K
  class space    used 4528K, committed 4800K, reserved 1048576K
}
Event: 24.782 GC heap before
{Heap before GC invocations=13 (full 0):
 garbage-first heap   total 118784K, used 46890K [0x0000000765e00000, 0x0000000800000000)
  region size 2048K, 14 young (28672K), 4 survivors (8192K)
 Metaspace       used 43034K, committed 43520K, reserved 1114112K
  class space    used 4665K, committed 4928K, reserved 1048576K
}

